[2024-12-28T13:36:18.672104+00:00] ERROR: Cycle\Migrations\Exception\MigrationException: Error in the migration (01_default_create_medias (2024-10-29 17:51:33)) occurred: Unable to create column 'medias'.'id', column already exists in /home/kaveh/PhpstormProjects/UserManagement/vendor/cycle/migrations/src/Migrator.php at line 137 []
[2024-12-28T13:36:59.924134+00:00] ERROR: Cycle\Database\Exception\HandlerException: SQLSTATE[HY000]: General error: 3730 Cannot drop table 'users' referenced by a foreign key constraint 'carts_foreign_user_id_676a47d38b69a' on table 'carts'. in /home/kaveh/PhpstormProjects/UserManagement/vendor/cycle/database/src/Driver/Handler.php at line 222 []
[2024-12-28T13:37:03.910364+00:00] ERROR: Cycle\Database\Exception\HandlerException: SQLSTATE[HY000]: General error: 3730 Cannot drop table 'users' referenced by a foreign key constraint 'carts_foreign_user_id_676a47d38b69a' on table 'carts'. in /home/kaveh/PhpstormProjects/UserManagement/vendor/cycle/database/src/Driver/Handler.php at line 222 []
[2024-12-28T13:55:08.025908+00:00] ERROR: Cycle\Schema\Exception\RelationException: Unable to resolve `user`.`userResident` relation target (not found or invalid) in /home/kaveh/PhpstormProjects/UserManagement/vendor/cycle/annotated/src/Entities.php at line 141 []
[2024-12-28T13:55:29.628361+00:00] ERROR: Cycle\Schema\Exception\RelationException: Unable to resolve `user`.`userResident` relation target (not found or invalid) in /home/kaveh/PhpstormProjects/UserManagement/vendor/cycle/annotated/src/Entities.php at line 141 []
[2024-12-28T13:58:44.425905+00:00] ERROR: Cycle\Schema\Exception\RelationException: Unable to resolve `user`.`userResident` relation target (not found or invalid) in /home/kaveh/PhpstormProjects/UserManagement/vendor/cycle/annotated/src/Entities.php at line 141 []
[2024-12-28T13:59:34.714881+00:00] ERROR: Spiral\Validation\Exception\ValidationException: Validation with name `Spiral\Validator\FilterDefinition` is not registered. in /home/kaveh/PhpstormProjects/UserManagement/vendor/spiral/framework/src/Validation/src/ValidationProvider.php at line 36 []
[2024-12-28T14:01:39.679710+00:00] ERROR: Spiral\Validation\Exception\ValidationException: Validation with name `Spiral\Validator\FilterDefinition` is not registered. in /home/kaveh/PhpstormProjects/UserManagement/vendor/spiral/framework/src/Validation/src/ValidationProvider.php at line 36 []
[2024-12-28T14:02:14.652660+00:00] ERROR: Spiral\Goridge\Exception\HeaderException: Unable to read frame header: Incorrect header size in /home/kaveh/PhpstormProjects/UserManagement/vendor/spiral/goridge/src/StreamRelay.php at line 80 []
[2024-12-28T14:02:14.652660+00:00] ERROR: Spiral\Goridge\Exception\HeaderException: Unable to read frame header: Incorrect header size in /home/kaveh/PhpstormProjects/UserManagement/vendor/spiral/goridge/src/StreamRelay.php at line 80 []
[2024-12-28T14:02:19.737910+00:00] ERROR: Spiral\Validation\Exception\ValidationException: Validation with name `Spiral\Validator\FilterDefinition` is not registered. in /home/kaveh/PhpstormProjects/UserManagement/vendor/spiral/framework/src/Validation/src/ValidationProvider.php at line 36 []
[2024-12-28T14:05:01.602268+00:00] ERROR: Spiral\Goridge\Exception\HeaderException: Unable to read frame header: Incorrect header size in /home/kaveh/PhpstormProjects/UserManagement/vendor/spiral/goridge/src/StreamRelay.php at line 80 []
[2024-12-28T14:07:04.527611+00:00] ERROR: Spiral\Validation\Exception\ValidationException: Validation with name `Spiral\Validator\FilterDefinition` is not registered. in /home/kaveh/PhpstormProjects/UserManagement/vendor/spiral/framework/src/Validation/src/ValidationProvider.php at line 36 []
[2024-12-28T14:07:16.889600+00:00] ERROR: Spiral\Goridge\Exception\HeaderException: Unable to read frame header: Incorrect header size in /home/kaveh/PhpstormProjects/UserManagement/vendor/spiral/goridge/src/StreamRelay.php at line 80 []
[2024-12-28T14:07:35.236205+00:00] ERROR: Spiral\Validation\Exception\ValidationException: Validation with name `Spiral\Validator\FilterDefinition` is not registered. in /home/kaveh/PhpstormProjects/UserManagement/vendor/spiral/framework/src/Validation/src/ValidationProvider.php at line 36 []
[2024-12-28T14:07:42.097435+00:00] ERROR: Spiral\Validation\Exception\ValidationException: Validation with name `Spiral\Validator\FilterDefinition` is not registered. in /home/kaveh/PhpstormProjects/UserManagement/vendor/spiral/framework/src/Validation/src/ValidationProvider.php at line 36 []
[2024-12-28T14:07:47.880913+00:00] ERROR: Spiral\Goridge\Exception\HeaderException: Unable to read frame header: Incorrect header size in /home/kaveh/PhpstormProjects/UserManagement/vendor/spiral/goridge/src/StreamRelay.php at line 80 []
[2024-12-28T14:07:47.880913+00:00] ERROR: Spiral\Goridge\Exception\HeaderException: Unable to read frame header: Incorrect header size in /home/kaveh/PhpstormProjects/UserManagement/vendor/spiral/goridge/src/StreamRelay.php at line 80 []
[2024-12-28T14:08:52.848198+00:00] ERROR: Spiral\RoadRunner\GRPC\Exception\GRPCException: {"mobile":"Value does not match required pattern."} in /home/kaveh/PhpstormProjects/UserManagement/app/src/Endpoint/Interceptor/ValidatorInterceptor.php at line 40 []
[2024-12-28T14:45:13.284326+00:00] ERROR: Spiral\RoadRunner\GRPC\Exception\GRPCException: {"mobile":"Value does not match required pattern."} in /home/kaveh/PhpstormProjects/UserManagement/app/src/Endpoint/Interceptor/ValidatorInterceptor.php at line 40 []
[2024-12-28T14:45:37.653510+00:00] ERROR: Spiral\RoadRunner\GRPC\Exception\GRPCException: {"code":"This value is required."} in /home/kaveh/PhpstormProjects/UserManagement/app/src/Endpoint/Interceptor/ValidatorInterceptor.php at line 40 []
